compute-0-2.local says
  _          _ _       
 | |        | | |      
 | |__   ___| | | ___  
 | '_ \ / _ \ | |/ _ \ 
 | | | |  __/ | | (_) |
 |_| |_|\___|_|_|\___/ 
                       


 NAS Parallel Benchmarks (NPB3.2-OMP) - SP Benchmark

 No input file inputsp.data. Using compiled defaults
 Size:  36x 36x 36
 Iterations: 400    dt:    0.001500
 Number of available threads:     4

 Time step    1
 Time step   20
 Time step   40
 Time step   60
 Time step   80
 Time step  100
 Time step  120
 Time step  140
 Time step  160
 Time step  180
 Time step  200
 Time step  220
 Time step  240
 Time step  260
 Time step  280
 Time step  300
 Time step  320
 Time step  340
 Time step  360
 Time step  380
 Time step  400
 Verification being performed for class W
 accuracy setting for epsilon =  0.1000000000000E-07
 Comparison of RMS-norms of residual
 FAILURE:  1 0.1390798402938E-02 0.1893253733584E-02 0.2653924942722E+00
 FAILURE:  2 0.1614007571007E-03 0.1717075447775E-03 0.6002524635778E-01
 FAILURE:  3 0.2040657507678E-03 0.2778153350936E-03 0.2654626113455E+00
 FAILURE:  4 0.1600551467335E-03 0.2887475409984E-03 0.4456917410273E+00
 FAILURE:  5 0.3014622185680E-02 0.3143611161242E-02 0.4103210255523E-01
 Comparison of RMS-norms of solution error
 FAILURE:  1 0.1495888612430E+03 0.7542088599534E-04 0.1983386748219E+07
 FAILURE:  2 0.1724648229114E+02 0.6512852253086E-05 0.2648068021215E+07
 FAILURE:  3 0.3931730386359E+02 0.1049092285688E-04 0.3747744017284E+07
 FAILURE:  4 0.3299254492957E+02 0.1128838671535E-04 0.2922696969295E+07
 FAILURE:  5 0.1771740231918E+03 0.1212845639773E-03 0.1460811632554E+07
 Verification failed


 SP Benchmark Completed.
 Class           =                        W
 Size            =             36x  36x  36
 Iterations      =                      400
 Time in seconds =                     4.65
 Total threads   =                        4
 Avail threads   =                        4
 Mop/s total     =                  3048.83
 Mop/s/thread    =                   762.21
 Operation type  =           floating point
 Verification    =             UNSUCCESSFUL
 Version         =                      3.2
 Compile date    =              02 Nov 2024

 Compile options:
    F77          = gfortran
    FLINK        = $(F77)
    F_LIB        = (none)
    F_INC        = (none)
    FFLAGS       = -O  -fopenmp -mcmodel=medium
    FLINKFLAGS   = -O  -fopenmp -mcmodel=medium
    RAND         = (none)


 Please send all errors/feedbacks to:

 NPB Development Team
 npb@nas.nasa.gov


